{
  "RSpec": {
    "coverage": {
      "/home/energetic-certificate-0804/tic-tac-toe-rb-ruby-apply-000/lib/tic_tac_toe.rb": [
        null,
        1,
        null,
        null,
        null,
        null,
        null,
        null,
        null,
        null,
        null,
        1,
        5,
        5,
        5,
        5,
        5,
        null,
        null,
        1,
        null,
        1,
        13,
        null,
        null,
        1,
        3,
        null,
        null,
        1,
        4,
        2,
        2,
        0,
        2,
        0,
        2,
        2,
        null,
        null,
        null,
        1,
        13,
        11,
        10,
        1,
        0,
        1,
        0,
        1,
        1,
        null,
        null,
        13,
        10,
        null,
        3,
        null,
        null,
        null,
        1,
        10,
        10,
        10,
        10,
        9,
        null,
        1,
        null,
        0,
        null,
        null,
        1,
        2,
        2,
        18,
        5,
        null,
        null,
        2,
        null,
        null,
        1,
        1,
        1,
        null,
        0,
        null,
        null,
        null,
        1,
        34,
        204,
        204,
        204,
        null,
        204,
        204,
        204,
        null,
        204,
        11,
        193,
        4,
        null,
        null,
        19,
        null,
        null,
        1,
        99,
        null,
        null,
        null,
        1,
        13,
        7,
        null,
        6,
        null,
        null,
        null,
        1,
        11,
        7,
        null,
        4,
        null,
        null,
        null,
        1,
        6,
        6,
        null,
        6,
        null,
        null,
        5,
        3,
        null,
        2,
        2,
        null,
        null,
        null,
        1,
        12,
        7,
        null,
        5,
        3,
        2,
        2,
        null,
        null,
        null,
        null,
        null
      ]
    },
    "timestamp": 1598671908
  }
}
