{
  "RSpec": {
    "coverage": {
      "/home/energetic-certificate-0804/tic-tac-toe-rb-ruby-apply-000/lib/tic_tac_toe.rb": [
        null,
        1,
        null,
        null,
        null,
        null,
        null,
        null,
        null,
        null,
        null,
        1,
        8,
        8,
        8,
        8,
        8,
        null,
        null,
        1,
        null,
        1,
        6,
        null,
        null,
        1,
        5,
        null,
        null,
        1,
        4,
        2,
        2,
        0,
        2,
        0,
        2,
        2,
        null,
        null,
        null,
        1,
        6,
        4,
        3,
        1,
        0,
        1,
        0,
        1,
        1,
        null,
        null,
        6,
        3,
        null,
        3,
        null,
        null,
        null,
        1,
        3,
        3,
        3,
        3,
        2,
        null,
        1,
        null,
        3,
        null,
        null,
        1,
        2,
        2,
        18,
        5,
        null,
        null,
        2,
        null,
        null,
        1,
        1,
        1,
        null,
        0,
        null,
        null,
        null,
        1,
        24,
        162,
        162,
        162,
        null,
        162,
        162,
        162,
        null,
        162,
        7,
        155,
        2,
        null,
        null,
        15,
        null,
        null,
        1,
        79,
        null,
        null,
        null,
        1,
        11,
        5,
        null,
        6,
        null,
        null,
        null,
        1,
        11,
        7,
        null,
        4,
        null,
        null,
        null,
        1,
        3,
        3,
        null,
        3,
        null,
        null,
        2,
        1,
        null,
        1,
        1,
        null,
        null,
        null,
        1,
        12,
        7,
        0,
        null,
        5,
        null,
        null,
        null,
        null,
        null,
        null,
        null
      ]
    },
    "timestamp": 1598671222
  }
}
